<?xml version="1.0" encoding="UTF-8"?>
<!-- Generated by org.testng.reporters.JUnitXMLReporter -->
<testsuite ignored="27" hostname="DESKTOP-VD4OOGI" failures="0" tests="1" name="Default test" time="0.177" errors="0" timestamp="2023-10-29T10:59:34 IST">
  <testcase classname="Programs.Interview_programs" name="getString" time="0.032"/>
  <testcase classname="Programs.Interview_programs" name="reverseString" time="0.0">
    <ignored/>
  </testcase> <!-- reverseString -->
  <testcase classname="Programs.Interview_programs" name="palindrome" time="0.0">
    <ignored/>
  </testcase> <!-- palindrome -->
  <testcase classname="Programs.Interview_programs" name="orderOfOccurnaceUsingMap" time="0.0">
    <ignored/>
  </testcase> <!-- orderOfOccurnaceUsingMap -->
  <testcase classname="Programs.Interview_programs" name="Stringg" time="0.0">
    <ignored/>
  </testcase> <!-- Stringg -->
  <testcase classname="Programs.Interview_programs" name="maxNOrInAnArray" time="0.0">
    <ignored/>
  </testcase> <!-- maxNOrInAnArray -->
  <testcase classname="Programs.Interview_programs" name="substract" time="0.0">
    <ignored/>
  </testcase> <!-- substract -->
  <testcase classname="Programs.Interview_programs" name="Stringgiven" time="0.0">
    <ignored/>
  </testcase> <!-- Stringgiven -->
  <testcase classname="Programs.Interview_programs" name="Substring4" time="0.0">
    <ignored/>
  </testcase> <!-- Substring4 -->
  <testcase classname="Programs.Interview_programs" name="sameQuestion" time="0.0">
    <ignored/>
  </testcase> <!-- sameQuestion -->
  <testcase classname="Programs.Interview_programs" name="num" time="0.0">
    <ignored/>
  </testcase> <!-- num -->
  <testcase classname="Programs.Interview_programs" name="case22" time="0.0">
    <ignored/>
  </testcase> <!-- case22 -->
  <testcase classname="Programs.Interview_programs" name="substrings2" time="0.0">
    <ignored/>
  </testcase> <!-- substrings2 -->
  <testcase classname="Programs.Interview_programs" name="substringss" time="0.0">
    <ignored/>
  </testcase> <!-- substringss -->
  <testcase classname="Programs.Interview_programs" name="numbersss" time="0.0">
    <ignored/>
  </testcase> <!-- numbersss -->
  <testcase classname="Programs.Interview_programs" name="areanagaram" time="0.0">
    <ignored/>
  </testcase> <!-- areanagaram -->
  <testcase classname="Programs.Interview_programs" name="palindrome1" time="0.0">
    <ignored/>
  </testcase> <!-- palindrome1 -->
  <testcase classname="Programs.Interview_programs" name="missinNoinanARray" time="0.0">
    <ignored/>
  </testcase> <!-- missinNoinanARray -->
  <testcase classname="Programs.Interview_programs" name="OrderOfoccuranceInteger" time="0.0">
    <ignored/>
  </testcase> <!-- OrderOfoccuranceInteger -->
  <testcase classname="Programs.Interview_programs" name="SameprgmWithoutMap" time="0.0">
    <ignored/>
  </testcase> <!-- SameprgmWithoutMap -->
  <testcase classname="Programs.Interview_programs" name="addToArray" time="0.0">
    <ignored/>
  </testcase> <!-- addToArray -->
  <testcase classname="Programs.Interview_programs" name="case2" time="0.0">
    <ignored/>
  </testcase> <!-- case2 -->
  <testcase classname="Programs.Interview_programs" name="case1" time="0.0">
    <ignored/>
  </testcase> <!-- case1 -->
  <testcase classname="Programs.Interview_programs" name="subString3" time="0.0">
    <ignored/>
  </testcase> <!-- subString3 -->
  <testcase classname="Programs.Interview_programs" name="cae1" time="0.0">
    <ignored/>
  </testcase> <!-- cae1 -->
  <testcase classname="Programs.Interview_programs" name="getString2" time="0.0">
    <ignored/>
  </testcase> <!-- getString2 -->
  <testcase classname="Programs.Interview_programs" name="qutn" time="0.0">
    <ignored/>
  </testcase> <!-- qutn -->
  <testcase classname="Programs.Interview_programs" name="sameProgram" time="0.0">
    <ignored/>
  </testcase> <!-- sameProgram -->
</testsuite> <!-- Default test -->
