<?xml version="1.0" encoding="UTF-8"?>
<testng-results ignored="27" total="28" passed="1" failed="0" skipped="0">
  <reporter-output>
  </reporter-output>
  <suite started-at="2023-10-29T10:59:33 IST" name="Default suite" finished-at="2023-10-29T10:59:34 IST" duration-ms="177">
    <groups>
    </groups>
    <test started-at="2023-10-29T10:59:33 IST" name="Default test" finished-at="2023-10-29T10:59:34 IST" duration-ms="177">
      <class name="Programs.Interview_programs">
        <test-method signature="getString()[pri:0, instance:Programs.Interview_programs@19d481b]" started-at="2023-10-29T10:59:34 IST" name="getString" finished-at="2023-10-29T10:59:34 IST" duration-ms="32" status="PASS">
          <reporter-output>
          </reporter-output>
        </test-method> <!-- getString -->
      </class> <!-- Programs.Interview_programs -->
    </test> <!-- Default test -->
  </suite> <!-- Default suite -->
</testng-results>
